#
# A fatal error has been detected by the Java Runtime Environment:
#
#  Internal Error (javaClasses.cpp:129), pid=7464, tid=6032
#  fatal error: Invalid layout of preloaded class
#
# JRE version: 7.0_11-b21
# Java VM: Java HotSpot(TM) 64-Bit Server VM (23.6-b04 mixed mode windows-amd64 compressed oops)
# Failed to write core dump. Minidumps are not enabled by default on client versions of Windows
#
# If you would like to submit a bug report, please visit:
#   http://bugreport.sun.com/bugreport/crash.jsp
#

---------------  T H R E A D  ---------------

Current thread (0x0000000003060800):  JavaThread "Unknown thread" [_thread_in_vm, id=6032, stack(0x0000000002f60000,0x0000000003060000)]

Stack: [0x0000000002f60000,0x0000000003060000]

---------------  P R O C E S S  ---------------

Java Threads: ( => current thread )

Other Threads:

=>0x0000000003060800 (exited) JavaThread "Unknown thread" [_thread_in_vm, id=6032, stack(0x0000000002f60000,0x0000000003060000)]

VM state:not at safepoint (not fully initialized)

VM Mutex/Monitor currently owned by a thread: None

GC Heap History (0 events):
No events

Deoptimization events (0 events):
No events

Internal exceptions (0 events):
No events

Events (10 events):
Event: 0.229 loading class 0x0000000003072d30 done
Event: 0.230 loading class 0x0000000003072d90 done
Event: 0.230 loading class 0x0000000003072be0
Event: 0.230 loading class 0x00000000030b12a0
Event: 0.284 loading class 0x00000000030b12a0 done
Event: 0.284 loading class 0x00000000030b1360
Event: 0.284 loading class 0x00000000030b1360 done
Event: 0.284 loading class 0x00000000092ac100
Event: 0.284 loading class 0x00000000092ac100 done
Event: 0.284 loading class 0x0000000003072be0 done


Dynamic libraries:
0x000007f76eab0000 - 0x000007f76eae3000 	C:\Program Files\Java\jre7\bin\javaw.exe
0x000007fccd9f0000 - 0x000007fccdbae000 	C:\Windows\SYSTEM32\ntdll.dll
0x000007fcccb00000 - 0x000007fcccc36000 	C:\Windows\system32\KERNEL32.DLL
0x000007fcca9f0000 - 0x000007fccaae3000 	C:\Windows\system32\KERNELBASE.dll
0x000007fccd1c0000 - 0x000007fccd29e000 	C:\Windows\system32\ADVAPI32.dll
0x000007fccd3f0000 - 0x000007fccd53c000 	C:\Windows\system32\USER32.dll
0x000007fcc7070000 - 0x000007fcc72d9000 	C:\Windows\WinSxS\amd64_microsoft.windows.common-controls_6595b64144ccf1df_6.0.9200.16384_none_418c2a697189c07f\COMCTL32.dll
0x000007fccd8d0000 - 0x000007fccd975000 	C:\Windows\system32\msvcrt.dll
0x000007fccd540000 - 0x000007fccd588000 	C:\Windows\SYSTEM32\sechost.dll
0x000007fccd080000 - 0x000007fccd1c0000 	C:\Windows\system32\RPCRT4.dll
0x000007fccd2b0000 - 0x000007fccd3f0000 	C:\Windows\system32\GDI32.dll
0x000007fccd590000 - 0x000007fccd5c9000 	C:\Windows\system32\IMM32.DLL
0x000007fccb530000 - 0x000007fccb645000 	C:\Windows\system32\MSCTF.dll
0x00000000663b0000 - 0x0000000066481000 	C:\Program Files\Java\jre7\bin\msvcr100.dll
0x0000000065c90000 - 0x00000000663af000 	C:\Program Files\Java\jre7\bin\server\jvm.dll
0x000007fcc72e0000 - 0x000007fcc72e9000 	C:\Windows\SYSTEM32\WSOCK32.dll
0x000007fcc4010000 - 0x000007fcc4030000 	C:\Windows\SYSTEM32\WINMM.dll
0x000007fccd8c0000 - 0x000007fccd8c7000 	C:\Windows\system32\PSAPI.DLL
0x000007fccb650000 - 0x000007fccb6a8000 	C:\Windows\system32\WS2_32.dll
0x000007fcc3fb0000 - 0x000007fcc3fe2000 	C:\Windows\SYSTEM32\WINMMBASE.dll
0x000007fccd2a0000 - 0x000007fccd2a9000 	C:\Windows\system32\NSI.dll
0x0000000066e30000 - 0x0000000066e3f000 	C:\Program Files\Java\jre7\bin\verify.dll
0x0000000065c60000 - 0x0000000065c88000 	C:\Program Files\Java\jre7\bin\java.dll
0x0000000066e10000 - 0x0000000066e25000 	C:\Program Files\Java\jre7\bin\zip.dll

VM Arguments:
jvm_args: -Dfile.encoding=GBK -Xbootclasspath:C:\Users\John\AppData\Local\Android\android-sdk\platforms\android-17\android.jar 
java_command: com.wetongji.util.WTDatabaseConfigUtil
Launcher Type: SUN_STANDARD

Environment Variables:
JAVA_HOME=C:\Program Files\Java\jdk1.7.0_07
USERNAME=John
OS=Windows_NT
PROCESSOR_IDENTIFIER=Intel64 Family 6 Model 37 Stepping 2, GenuineIntel



---------------  S Y S T E M  ---------------

OS: Windows 8 , 64 bit Build 9200 

CPU:total 4 (2 cores per cpu, 2 threads per core) family 6 model 37 stepping 2, cmov, cx8, fxsr, mmx, sse, sse2, sse3, ssse3, sse4.1, sse4.2, popcnt, ht, tsc, tscinvbit

Memory: 4k page, physical 4046260k(1392096k free), swap 4767156k(1217864k free)

vm_info: Java HotSpot(TM) 64-Bit Server VM (23.6-b04) for windows-amd64 JRE (1.7.0_11-b21), built on Jan 12 2013 02:38:42 by "java_re" with unknown MS VC++:1600

time: Mon Feb 25 16:53:50 2013
elapsed time: 0 seconds

